0000000000000000 T __code_start
0000000000000000 A __start__
0000000000000000 T _start
0000000000000000 b _TLS_MODULE_BASE_
0000000000000000 0000000000000004 b fsdev_last_result
0000000000000004 0000000000000004 b g_fsPriority
0000000000000008 0000000000000401 B __nx_dev_path_buf
0000000000000080 t startup
00000000000000a4 t bssclr_start
00000000000000cc t bss_loop
0000000000000120 T __nx_exit
0000000000000130 T __nx_mod0
0000000000000158 T _init
00000000000001c0 0000000000000038 T exit
0000000000000200 000000000000006c T main
0000000000000270 t __do_global_dtors_aux
00000000000002c0 t frame_dummy
00000000000002f0 00000000000000d4 t _hidCmdWithNoInput
00000000000003d0 00000000000000e4 t _hidCmdWithInputU32
00000000000004c0 00000000000000e0 t _hidCmdWithInputU64.constprop.0
00000000000005a0 00000000000000fc t _hidCreateAppletResource.constprop.0
00000000000006a0 00000000000000c8 t _hidCmdGetHandle.constprop.0
0000000000000770 0000000000000224 T hidReset
00000000000009a0 000000000000000c T hidGetSharedmemAddr
00000000000009b0 000000000000006c T hidKeysDown
0000000000000a20 000000000000000c T hidTouchCount
0000000000000a30 00000000000005ac T hidScanInput
0000000000000fe0 0000000000000008 T hidSetSupportedNpadStyleSet
0000000000000ff0 0000000000000180 T hidSetSupportedNpadIdType
0000000000001170 0000000000000008 T hidSetNpadJoyHoldType
0000000000001180 0000000000000020 T hidSetNpadJoyAssignmentModeDual
00000000000011a0 0000000000000080 T hidFinalizeSevenSixAxisSensor
0000000000001220 000000000000012c t _hidCleanup
0000000000001350 00000000000001c4 T hidInitialize
0000000000001520 0000000000000044 T hidExit
0000000000001570 0000000000000068 t _smCleanup
00000000000015e0 0000000000000048 T smAddOverrideHandle
0000000000001630 0000000000000054 T smGetServiceOverride
0000000000001690 0000000000000044 T smExit
00000000000016e0 00000000000000d0 T smGetServiceOriginal
00000000000017b0 0000000000000280 T smInitialize
0000000000001a30 0000000000000120 T smGetServiceWrapper
0000000000001b50 0000000000000198 t _fatalCmd
0000000000001cf0 000000000000000c T fatalThrowWithPolicy
0000000000001d00 0000000000000014 T fatalSimple
0000000000001d00 0000000000000014 T fatalThrow
0000000000001d20 0000000000000024 t _appletInfiniteSleepLoop
0000000000001d50 00000000000000f0 t _appletCmdGetSession
0000000000001e40 00000000000000cc t _appletCmdInU8NoOut
0000000000001f10 0000000000000110 t _appletGetLaunchReason
0000000000002020 00000000000000e4 t _appletSetFocusHandlingMode
0000000000002110 00000000000000cc t _appletCmdInU32NoOut
00000000000021e0 0000000000000118 t _appletGetSessionProxy.constprop.0
0000000000002300 0000000000000134 t _appletOpenLibraryAppletProxy.constprop.0
0000000000002440 00000000000000d0 t _appletCmdGetHandle.constprop.0.isra.0
0000000000002510 00000000000000d4 t _appletCmdNoInOutU8.isra.0
00000000000025f0 00000000000000d4 t _appletCmdNoInOutU32.isra.0
00000000000026d0 00000000000000d4 t _appletCmdNoInOutU64.isra.0
00000000000027b0 00000000000000c0 t _appletCmdNoIO.isra.0
0000000000002870 0000000000000010 T appletGetAppletType
0000000000002880 0000000000000118 T appletSetFocusHandlingMode
00000000000029a0 000000000000005c T appletSetCpuBoostMode
0000000000002a00 000000000000002c T appletCreateManagedDisplayLayer
0000000000002a30 000000000000000c T appletGetAppletResourceUserId
0000000000002a40 00000000000000f8 t _appletGetIndirectLayerConsumerHandle
0000000000002b40 0000000000000088 t _appletHolderCreateState
0000000000002bd0 00000000000000b4 T appletHolderClose
0000000000002c90 0000000000000024 T appletHolderGetLibraryAppletInfo
0000000000002cc0 0000000000000090 T appletNotifyRunning
0000000000002d50 000000000000008c T appletSetGamePlayRecordingState
0000000000002de0 0000000000000ac4 t _appletCleanup
00000000000038b0 0000000000000044 T appletExit
0000000000003900 0000000000000040 T appletGetLibraryAppletInfo
0000000000003940 0000000000000a28 T appletInitialize
0000000000004370 0000000000000024 t _appletExitProcess
00000000000043a0 0000000000000074 T appletGetMessage
0000000000004420 0000000000000248 T appletProcessMessage
0000000000004670 0000000000000034 T appletMainLoop
00000000000046b0 0000000000000010 T hosversionGet
00000000000046c0 0000000000000010 T hosversionSet
00000000000046d0 0000000000000234 T envSetup
0000000000004910 0000000000000020 T envGetMainThreadHandle
0000000000004930 000000000000000c T envIsNso
0000000000004940 0000000000000014 T envHasHeapOverride
0000000000004960 000000000000000c T envGetHeapOverrideAddr
0000000000004970 000000000000000c T envGetHeapOverrideSize
0000000000004980 0000000000000014 T envHasArgv
00000000000049a0 000000000000000c T envGetArgv
00000000000049b0 000000000000000c T envGetExitFuncPtr
00000000000049c0 000000000000000c T envSetExitFuncPtr
00000000000049d0 0000000000000048 t consoleDrawChar
0000000000004a20 00000000000000b0 t consoleNewRow
0000000000004ad0 0000000000000c4c t con_write
0000000000005720 0000000000000170 T consoleInit
0000000000005890 0000000000000048 T consoleExit
00000000000058e0 000000000000002c T consoleUpdate
0000000000005910 0000000000000194 t ConsoleSwRenderer_drawChar
0000000000005ab0 00000000000000fc t ConsoleSwRenderer_init
0000000000005bb0 0000000000000070 t ConsoleSwRenderer_flushAndSwap
0000000000005c20 00000000000000c8 t ConsoleSwRenderer_scrollWindow
0000000000005cf0 000000000000004c t ConsoleSwRenderer_deinit
0000000000005d40 000000000000000c W getDefaultConsoleRenderer
0000000000005d4c T svcSetHeapSize
0000000000005d60 T svcSetMemoryAttribute
0000000000005d68 T svcUnmapMemory
0000000000005d70 T svcQueryMemory
0000000000005d84 T svcExitProcess
0000000000005d8c T svcSleepThread
0000000000005d94 T svcMapSharedMemory
0000000000005d9c T svcUnmapSharedMemory
0000000000005da4 T svcCreateTransferMemory
0000000000005db8 T svcCloseHandle
0000000000005dc0 T svcResetSignal
0000000000005dc8 T svcWaitSynchronization
0000000000005ddc T svcArbitrateLock
0000000000005de4 T svcArbitrateUnlock
0000000000005dec T svcWaitProcessWideKeyAtomic
0000000000005df4 T svcSignalProcessWideKey
0000000000005dfc T svcConnectToNamedPort
0000000000005e10 T svcSendSyncRequest
0000000000005e18 T svcBreak
0000000000005e20 T svcReturnFromException
0000000000005e28 T svcGetInfo
0000000000005e3c T svcUnmapTransferMemory
0000000000005e50 000000000000017c T detectKernelVersion
0000000000005fd0 0000000000000030 T detectDebugger
0000000000006000 00000000000000a8 T tmemCreate
00000000000060b0 0000000000000058 T tmemUnmap
0000000000006110 0000000000000068 T tmemClose
0000000000006180 000000000000045c T waitObjects
00000000000065e0 0000000000000098 T rwlockReadLock
0000000000006680 00000000000000b4 T rwlockReadUnlock
0000000000006740 00000000000000a4 T rwlockWriteLock
00000000000067f0 0000000000000078 T rwlockWriteUnlock
0000000000006870 0000000000000080 T mutexLock
00000000000068f0 0000000000000068 T mutexUnlock
0000000000006960 000000000000004c T rmutexLock
00000000000069b0 000000000000001c T rmutexUnlock
00000000000069d0 0000000000000014 T shmemLoadRemote
00000000000069f0 0000000000000084 T shmemMap
0000000000006a80 0000000000000058 T shmemUnmap
0000000000006ae0 0000000000000044 T shmemClose
0000000000006b30 0000000000000064 t _GetRegionFromInfo
0000000000006ba0 0000000000000104 T virtmemSetup
0000000000006cb0 000000000000010c T virtmemReserve
0000000000006dc0 0000000000000004 T virtmemFree
0000000000006dd0 000000000000000c T eventLoadRemote
0000000000006de0 0000000000000038 T eventWait
0000000000006e20 0000000000000050 T eventClose
0000000000006e70 0000000000000060 T condvarWaitTimeout
0000000000006ed0 00000000000000c0 t _apmCleanup
0000000000006f90 00000000000000e0 t _apmCmdGetSession.constprop.0
0000000000007070 00000000000000a0 T apmInitialize
0000000000007110 0000000000000044 T apmExit
0000000000007160 00000000000000c8 T apmSetPerformanceConfiguration
0000000000007230 000000000000000c T nwindowGetDefault
0000000000007240 00000000000000c0 T __nx_win_init
0000000000007300 0000000000000034 T __nx_win_exit
0000000000007340 0000000000000080 T framebufferMakeLinear
00000000000073c0 0000000000000084 T framebufferClose
0000000000007450 00000000000002a0 T framebufferCreate
00000000000076f0 0000000000000088 T framebufferBegin
0000000000007780 0000000000000174 T framebufferEnd
0000000000007900 0000000000000024 T nwindowIsValid
0000000000007930 000000000000008c T nwindowClose
00000000000079c0 00000000000000f8 T nwindowCreate
0000000000007ac0 0000000000000034 T nwindowCreateFromLayer
0000000000007b00 0000000000000088 T nwindowSetDimensions
0000000000007b90 0000000000000190 T nwindowConfigureBuffer
0000000000007d20 00000000000001dc T nwindowDequeueBuffer
0000000000007f00 0000000000000144 T nwindowQueueBuffer
0000000000008050 0000000000000098 T nwindowReleaseBuffers
00000000000080f0 00000000000000a0 T __nx_dynamic
0000000000008190 00000000000000d8 W __libnx_initheap
0000000000008270 00000000000000ec W __appInit
0000000000008360 0000000000000044 W __appExit
00000000000083b0 000000000000002c W __libnx_init
00000000000083e0 0000000000000020 W __libnx_exit
0000000000008400 000000000000001c T __syscall_exit
0000000000008420 0000000000000034 T __syscall_getreent
0000000000008460 0000000000000004 T __syscall_lock_acquire
0000000000008470 0000000000000004 T __syscall_lock_release
0000000000008480 0000000000000004 T __syscall_lock_acquire_recursive
0000000000008490 0000000000000004 T __syscall_lock_release_recursive
00000000000084a0 0000000000000228 T __libnx_init_time
00000000000086d0 0000000000000084 T newlibSetup
0000000000008760 0000000000000324 T argvSetup
0000000000008a90 0000000000000014 t fsdev_link
0000000000008ab0 0000000000000014 t fsdev_dirreset
0000000000008ad0 0000000000000014 t fsdev_chmod
0000000000008af0 0000000000000018 t error_cmp
0000000000008b10 0000000000000020 t fsdev_dirclose
0000000000008b30 000000000000001c t fsdev_close
0000000000008b50 0000000000000080 t fsdev_converttimetoutc
0000000000008bd0 00000000000000b8 t fsdevFindDevice.part.0
0000000000008c90 00000000000001e0 t fsdev_fixpath
0000000000008e70 00000000000000a0 t _fsdevUnmountDeviceStruct.part.0
0000000000008f10 0000000000000014 t fsdev_fchmod
0000000000008f30 0000000000000108 t fsdev_diropen
0000000000009040 000000000000007c t fsdev_fsync
00000000000090c0 0000000000000110 t fsdev_fstat
00000000000091d0 0000000000000094 t fsdev_ftruncate
0000000000009270 000000000000020c t fsdev_stat
0000000000009480 0000000000000158 t fsdev_rename
00000000000095e0 000000000000014c t fsdev_chdir
0000000000009730 00000000000000ac t fsdev_mkdir
00000000000097e0 00000000000000ac t fsdev_rmdir
0000000000009890 00000000000000ac t fsdev_unlink
0000000000009940 0000000000000104 t fsdev_statvfs
0000000000009a50 000000000000013c t fsdev_write_safe
0000000000009b90 000000000000013c t fsdev_read_safe
0000000000009cd0 0000000000000100 t fsdev_read
0000000000009dd0 00000000000001bc t fsdev_dirnext
0000000000009f90 0000000000000120 t fsdev_write
000000000000a0b0 00000000000000e4 t fsdev_seek
000000000000a1a0 0000000000000244 t fsdev_open
000000000000a3f0 0000000000000218 T fsdevMountDevice
000000000000a610 0000000000000048 T fsdevMountSdmc
000000000000a660 00000000000000cc T __libnx_init_cwd
000000000000a730 0000000000000064 T fsdevUnmountAll
000000000000a7a0 000000000000012c T decode_utf8
000000000000a8cc T armDCacheFlush
000000000000a8f0 t armDCacheFlush_L0
000000000000a908 W __libnx_exception_entry
000000000000a994 t __libnx_exception_entry_start
000000000000aabc t __libnx_exception_entry_abort
000000000000aac0 t __libnx_exception_entry_end
000000000000aac8 T __libnx_exception_returnentry
000000000000aae0 T __aarch64_read_tp
000000000000aaf0 00000000000000ac T __libnx_init_thread
000000000000aba0 0000000000000228 t _timeCleanup
000000000000add0 00000000000000c8 t _timeCmdNoInOutU64.constprop.0
000000000000aea0 00000000000000e8 t _timeCmdGetSession.constprop.0
000000000000af90 00000000000000cc t _timeGetSharedMemoryNativeHandle.constprop.0
000000000000b060 0000000000000114 t _timeReadClockFromSharedMem
000000000000b180 0000000000000238 T timeInitialize
000000000000b3c0 0000000000000044 T timeExit
000000000000b410 0000000000000038 T timeGetServiceSession_SystemClock
000000000000b450 000000000000005c T timeGetCurrentTime
000000000000b4b0 0000000000000118 T timeToCalendarTimeWithMyRule
000000000000b5d0 0000000000000104 T timeToPosixTimeWithMyRule
000000000000b6e0 00000000000001dc t _viCleanup
000000000000b8c0 00000000000000e8 t _viCmdGetSessionNoParams.constprop.0
000000000000b9b0 00000000000000e4 t _viCmdGetSession.constprop.0
000000000000baa0 000000000000025c T viInitialize
000000000000bd00 0000000000000044 T viExit
000000000000bd50 000000000000000c T viGetSession_IHOSBinderDriverRelay
000000000000bd60 0000000000000120 T viOpenDisplay
000000000000be80 00000000000000f8 T viCloseDisplay
000000000000bf80 00000000000000fc T viCloseLayer
000000000000c080 00000000000003c4 T viCreateLayer
000000000000c450 00000000000000d8 T viSetLayerScalingMode
000000000000c530 00000000000000cc t _nvSetClientPID
000000000000c600 00000000000000d0 t _nvCleanup
000000000000c6d0 00000000000000d4 t _nvCmdInitialize.constprop.0
000000000000c7b0 000000000000023c T nvInitialize
000000000000c9f0 0000000000000044 T nvExit
000000000000ca40 0000000000000140 T nvConvertError
000000000000cb80 0000000000000114 T nvOpen
000000000000cca0 0000000000000250 T nvIoctl
000000000000cef0 00000000000000d8 T nvClose
000000000000cfd0 0000000000000108 T nvQueryEvent
000000000000d0e0 00000000000000b4 t _fsCleanup
000000000000d1a0 00000000000001b0 t _fsCmdNoIO
000000000000d350 00000000000001d8 t _fsFsCmdWithInPath
000000000000d530 00000000000001fc t _fsFsCmdWithTwoInPaths
000000000000d730 0000000000000230 t _fsFsOpenCommon
000000000000d960 00000000000001f4 t _fsFsCmdWithInPathAndOutU64
000000000000db60 00000000000000f4 t _fsObjectClose
000000000000dc60 0000000000000170 t _fsCmdGetSession.constprop.0
000000000000ddd0 0000000000000314 T fsInitialize
000000000000e0f0 0000000000000044 T fsExit
000000000000e140 0000000000000008 T fsOpenSdCardFileSystem
000000000000e150 00000000000001e8 T fsFsCreateFile
000000000000e340 0000000000000008 T fsFsDeleteFile
000000000000e350 0000000000000008 T fsFsCreateDirectory
000000000000e360 0000000000000008 T fsFsDeleteDirectory
000000000000e370 0000000000000008 T fsFsRenameFile
000000000000e380 0000000000000008 T fsFsRenameDirectory
000000000000e390 00000000000001ec T fsFsGetEntryType
000000000000e580 0000000000000008 T fsFsOpenFile
000000000000e590 0000000000000008 T fsFsOpenDirectory
000000000000e5a0 0000000000000008 T fsFsGetFreeSpace
000000000000e5b0 0000000000000008 T fsFsGetTotalSpace
000000000000e5c0 0000000000000234 T fsFsGetFileTimeStampRaw
000000000000e800 0000000000000004 T fsFsClose
000000000000e810 000000000000021c T fsFileRead
000000000000ea30 000000000000020c T fsFileWrite
000000000000ec40 0000000000000008 T fsFileFlush
000000000000ec50 00000000000001b4 T fsFileSetSize
000000000000ec50 00000000000001b4 t fsFileSetSize.localalias
000000000000ee10 00000000000001c4 T fsFileGetSize
000000000000ee10 00000000000001c4 t fsFileGetSize.localalias
000000000000efe0 0000000000000004 T fsFileClose
000000000000eff0 0000000000000004 T fsDirClose
000000000000f000 0000000000000204 T fsDirRead
000000000000f210 00000000000000d4 t _setsysGetFirmwareVersionImpl
000000000000f2f0 0000000000000068 t _setsysCleanup
000000000000f360 00000000000000a0 T setsysInitialize
000000000000f400 0000000000000044 T setsysExit
000000000000f450 0000000000000044 T setsysGetFirmwareVersion
000000000000f4a0 000000000000007c t _nvFenceCleanup
000000000000f520 0000000000000098 T nvFenceInit
000000000000f5c0 0000000000000044 T nvFenceExit
000000000000f610 0000000000000250 T nvFenceWait
000000000000f860 0000000000000074 T nvMultiFenceWait
000000000000f8e0 00000000000000b4 T nvMapInit
000000000000f9a0 000000000000006c T nvMapExit
000000000000fa10 0000000000000080 T nvMapClose
000000000000fa90 0000000000000160 T nvMapCreate
000000000000fbf0 0000000000000028 T nvioctlNvhostCtrl_EventSignal
000000000000fc20 0000000000000044 T nvioctlNvhostCtrl_EventWait
000000000000fc70 0000000000000030 T nvioctlNvhostCtrl_EventWaitAsync
000000000000fca0 0000000000000028 T nvioctlNvhostCtrl_EventRegister
000000000000fcd0 0000000000000028 T nvioctlNvhostCtrl_EventUnregister
000000000000fd00 0000000000000040 T nvioctlNvmap_Create
000000000000fd40 0000000000000040 T nvioctlNvmap_Alloc
000000000000fd80 0000000000000030 T nvioctlNvmap_Free
000000000000fdb0 0000000000000040 T nvioctlNvmap_GetId
000000000000fdf0 00000000000000d8 T bqRequestBuffer
000000000000fed0 0000000000000168 T bqDequeueBuffer
0000000000010040 00000000000000dc T bqQueueBuffer
0000000000010120 0000000000000094 T bqCancelBuffer
00000000000101c0 00000000000000e8 T bqConnect
00000000000102b0 000000000000009c T bqDisconnect
0000000000010350 0000000000000174 T bqSetPreallocatedBuffer
00000000000104d0 0000000000000018 T binderCreate
00000000000104f0 0000000000000390 T binderTransactParcel
0000000000010880 0000000000000124 T binderConvertErrorCode
00000000000109b0 0000000000000124 T binderAdjustRefcount
0000000000010ae0 0000000000000098 T binderInitSession
0000000000010b80 0000000000000068 T binderClose
0000000000010bf0 0000000000000158 T binderGetNativeHandle
0000000000010d50 0000000000000030 T parcelCreate
0000000000010d80 000000000000019c T parcelTransact
0000000000010f20 0000000000000088 T parcelWriteData
0000000000010fb0 0000000000000098 T parcelReadData
0000000000011050 0000000000000020 T parcelWriteInt32
0000000000011070 0000000000000020 T parcelWriteUInt32
0000000000011090 000000000000007c T parcelWriteString16
0000000000011110 0000000000000030 T parcelWriteInterfaceToken
0000000000011140 0000000000000024 T parcelReadInt32
0000000000011170 0000000000000068 T parcelReadFlattenedObject
00000000000111e0 000000000000004c T parcelWriteFlattenedObject
0000000000011230 00000000000000c4 T nxlinkSetup
0000000000011300 0000000000000188 T sessionmgrCreate
0000000000011490 0000000000000084 T sessionmgrClose
0000000000011520 00000000000000b0 T sessionmgrAttachClient
00000000000115d0 0000000000000074 T sessionmgrDetachClient
0000000000011650 000000000000003c T aligned_alloc
0000000000011690 00000000000000b8 T bsearch
0000000000011750 000000000000002c T calloc
0000000000011780 0000000000000094 T _calloc_r
0000000000011820 0000000000000014 T __errno
0000000000011840 0000000000000044 T __libc_fini_array
0000000000011890 000000000000002c T gmtime
00000000000118c0 000000000000029c T gmtime_r
0000000000011b60 000000000000008c T __libc_init_array
0000000000011bf0 000000000000002c T memalign
0000000000011c20 00000000000001a0 T _memalign_r
0000000000011dc0 0000000000000024 T malloc
0000000000011df0 0000000000000024 T free
0000000000011e20 0000000000000878 T _malloc_r
0000000000012698 00000000000000d8 T memchr
0000000000012780 000000000000016c T memcpy
0000000000012900 00000000000001dc T memset
0000000000012ae0 000000000000000c T __malloc_lock
0000000000012af0 000000000000000c T __malloc_unlock
0000000000012b00 000000000000008c T printf
0000000000012b90 000000000000003c T setenv
0000000000012bd0 0000000000000268 T _setenv_r
0000000000012e40 0000000000000278 T setvbuf
00000000000130c0 00000000000000c0 T sscanf
0000000000013180 0000000000000050 T __sread
00000000000131d0 0000000000000008 T __seofread
00000000000131e0 000000000000006c T __swrite
0000000000013250 0000000000000050 T __sseek
00000000000132a0 0000000000000008 T __sclose
00000000000132a8 00000000000000dc T strchr
00000000000133c0 00000000000000e4 T strcmp
00000000000134c0 0000000000000140 T strlen
0000000000013600 000000000000007c T strncat
000000000001369c 00000000000001b8 T strncmp
0000000000013860 000000000000009c T strncpy
0000000000013924 00000000000000e0 T strnlen
00000000000139e0 00000000000001a4 t _strtoul_l.constprop.0
0000000000013b90 0000000000000044 T _strtoul_r
0000000000013be0 0000000000000048 T strtoul
0000000000013c28 0000000000000074 t get_arg
0000000000013c9c 0000000000003108 T __ssvfscanf_r
0000000000016da4 0000000000000780 t get_arg
0000000000017524 0000000000003cc8 T _vfprintf_r
000000000001b1ec 00000000000000f8 t __sbprintf
000000000001b2f0 00000000000000d8 T _wcrtomb_r
000000000001b3d0 0000000000000010 T _wcsrtombs_r
000000000001b3e0 0000000000000140 T __swsetup_r
000000000001b520 000000000000012c T __call_exitprocs
000000000001b650 000000000000019c t quorem
000000000001b7f0 00000000000011a0 T _dtoa_r
000000000001c990 000000000000000c T __env_lock
000000000001c9a0 000000000000000c T __env_unlock
000000000001c9b0 0000000000000228 T __sflush_r
000000000001cbe0 00000000000000b8 T _fflush_r
000000000001cca0 000000000000000c T _cleanup_r
000000000001ccb0 000000000000000c T __sfp_lock_acquire
000000000001ccc0 000000000000000c T __sfp_lock_release
000000000001ccd0 000000000000000c T __sinit_lock_acquire
000000000001cce0 000000000000000c T __sinit_lock_release
000000000001ccf0 0000000000000154 T __sinit
000000000001ce50 0000000000000118 T _malloc_trim_r
000000000001cf70 00000000000002f0 T _free_r
000000000001d260 00000000000000a4 T _fwalk_reent
000000000001d310 0000000000000100 T _findenv_r
000000000001d410 0000000000000008 T iswspace
000000000001d420 0000000000000008 T __localeconv_l
000000000001d430 0000000000000028 T _localeconv_r
000000000001d460 000000000000002c T __locale_mb_cur_max
000000000001d490 00000000000000a4 T __swhatbuf_r
000000000001d540 000000000000010c T __smakebuf_r
000000000001d650 00000000000000f0 T _mbrtowc_r
000000000001d740 00000000000002c8 T __utf8_mbtowc
000000000001da10 000000000000008c T _Balloc
000000000001daa0 000000000000001c T _Bfree
000000000001dac0 0000000000000108 T __multadd
000000000001dbd0 0000000000000138 T __s2b
000000000001dd10 000000000000005c T __hi0bits
000000000001dd70 000000000000009c T __lo0bits
000000000001de10 000000000000004c T __i2b
000000000001de60 00000000000001e8 T __multiply
000000000001e050 0000000000000100 T __pow5mult
000000000001e150 0000000000000170 T __lshift
000000000001e2c0 0000000000000050 T __mcmp
000000000001e310 00000000000001b8 T __mdiff
000000000001e4d0 0000000000000068 T __ulp
000000000001e540 0000000000000150 T __b2d
000000000001e690 0000000000000154 T __d2b
000000000001e7f0 00000000000000a0 T __ratio
000000000001e890 0000000000000068 T __copybits
000000000001e900 000000000000006c T __any_on
000000000001e970 000000000000002c T realloc
000000000001e9a0 000000000000055c T _realloc_r
000000000001ef00 00000000000000d4 T __sccl
000000000001efe0 000000000000000c T nanf
000000000001eff0 000000000000007c T frexp
000000000001f070 00000000000000b0 T sprintf
000000000001f120 0000000000000098 T stpncpy
000000000001f1c0 0000000000001180 T _strtod_l
0000000000020340 0000000000000054 T _strtod_r
00000000000203a0 0000000000000194 t _strtoll_l.constprop.0
0000000000020540 0000000000000044 T _strtoll_r
0000000000020590 0000000000000194 t _strtol_l.part.0
0000000000020730 0000000000000070 T _strtol_r
00000000000207a0 00000000000001a4 t _strtoull_l.constprop.0
0000000000020950 0000000000000044 T _strtoull_r
0000000000020994 00000000000001c0 T __ssprint_r
0000000000020b54 00000000000000f0 T _sungetc_r
0000000000020c44 0000000000000070 T __ssrefill_r
0000000000020cb4 00000000000000e0 T _sfread_r
0000000000020d94 0000000000000780 t get_arg
0000000000021514 0000000000003c08 T _svfprintf_r
0000000000025120 00000000000000c8 T __submore
00000000000251e8 0000000000000780 t get_arg
0000000000025968 000000000000003c T __sprint_r
00000000000259a4 0000000000002988 T _vfiprintf_r
000000000002832c 00000000000000f8 t __sbprintf
0000000000028430 00000000000001d8 T _wcsnrtombs_l
0000000000028610 0000000000000074 T _wcsnrtombs_r
0000000000028690 00000000000000e4 T __utf8_wctomb
0000000000028780 0000000000000064 T __assert_func
00000000000287f0 000000000000015c T _fclose_r
0000000000028950 0000000000000094 T fiprintf
00000000000289f0 00000000000004bc T __sfvwrite_r
0000000000028eb0 0000000000000114 t rshift
0000000000028fd0 00000000000008a0 T __gethex
0000000000029870 0000000000000048 T __match
00000000000298c0 0000000000000258 T __hexnan
0000000000029b20 000000000000004c T iswspace_l
0000000000029b70 000000000000023c t __jp2uc
0000000000029db0 00000000000000bc T _jp2uc_l
0000000000029e80 00000000000000ac T memmove
0000000000029f30 000000000000000c T nan
0000000000029f40 0000000000000018 T abort
0000000000029f60 0000000000000080 T category
0000000000029fe0 00000000000000b4 T _raise_r
000000000002a0a0 0000000000000024 T raise
000000000002a0d0 0000000000000008 t null_write
000000000002a0e0 0000000000000018 T setDefaultDevice
000000000002a100 0000000000000108 T FindDevice
000000000002a210 0000000000000034 T RemoveDevice
000000000002a250 00000000000000dc T AddDevice
000000000002a330 0000000000000034 T GetDeviceOpTab
000000000002a370 00000000000000a8 T _close_r
000000000002a420 0000000000000084 T _fstat_r
000000000002a4b0 0000000000000014 T _getpid_r
000000000002a4d0 0000000000000008 T _isatty_r
000000000002a4e0 0000000000000014 T _kill_r
000000000002a500 0000000000000098 T _lseek_r
000000000002a5a0 00000000000000a4 T _read_r
000000000002a650 0000000000000078 T _sbrk_r
000000000002a6d0 00000000000000a4 T _write_r
000000000002a780 0000000000000020 T _exit
000000000002a7a0 0000000000000228 T _concatenate_path
000000000002a9d0 0000000000000178 T chdir
000000000002ab50 0000000000000014 T __libc_lock_acquire
000000000002ab70 0000000000000014 T __libc_lock_release
000000000002ab90 000000000000000c T __libc_lock_init_recursive
000000000002aba0 0000000000000014 T __libc_lock_acquire_recursive
000000000002abc0 0000000000000014 T __libc_lock_release_recursive
000000000002abe0 0000000000000004 T __libc_lock_close_recursive
000000000002abf0 0000000000000040 T __free_handle
000000000002ac30 0000000000000058 T __release_handle
000000000002ac90 0000000000000020 T __get_handle
000000000002acb0 0000000000000020 T __getreent
000000000002acd0 0000000000000150 t __extenddftf2
000000000002ae20 0000000000000310 t __trunctfdf2
000000000002b130 0000000000000070 t __sfp_handle_exceptions
000000000002b1a0 0000000000000100 T strrchr
000000000002b2a0 T _fini
000000000002c000 R __rodata_start
000000000002c098 0000000000000014 r CSWTCH.552
000000000002c178 0000000000000030 r colorTable
000000000002c1c0 R default_font_bin
000000000002e1c0 R default_font_bin_end
000000000002e1c8 0000000000000038 r g_nvColorFmtTable
000000000002e230 0000000000000020 r error_table
000000000002e278 0000000000000023 r g_bq_InterfaceDescriptor
000000000002e2b0 0000000000000101 R _ctype_
000000000002e4a0 0000000000000022 r basefix.0
000000000002e658 0000000000000010 r blanks.1
000000000002e668 0000000000000010 r zeroes.0
000000000002e7a8 0000000000000028 R __mprec_bigtens
000000000002e7d0 00000000000000c8 R __mprec_tens
000000000002e898 000000000000000c r p05.0
000000000002e8d8 0000000000000014 r fpi.1
000000000002e8f0 0000000000000014 r fpinan.0
000000000002e908 0000000000000028 r tinytens
000000000002e930 000000000000006c R __action_table
000000000002e9a0 0000000000000100 R __chclass
000000000002eaa0 000000000000006c R __state_table
000000000002ec58 0000000000000010 r blanks.1
000000000002ec68 0000000000000010 r zeroes.0
000000000002edc8 0000000000000010 r blanks.1
000000000002edd8 0000000000000010 r zeroes.0
000000000002ee70 0000000000000100 R __hexdig
000000000002ef88 00000000000000bc r a1
000000000002f048 00000000000000bc r a2
000000000002f108 000000000000005b r a3
000000000002f168 0000000000000070 r a6
000000000002f1d8 00000000000000a2 r a7
000000000002f280 0000000000000040 r a8
000000000002f2c0 000000000000172a r b02cf
00000000000309f0 0000000000001a7c r d02f4
0000000000032470 00000000000031e6 r categories
0000000000035658 r __EH_FRAME_BEGIN__
0000000000035658 R __eh_frame_hdr_end
0000000000035658 R __eh_frame_hdr_start
000000000003b13c r __FRAME_END__
000000000003b140 a _DYNAMIC
000000000003e000 R __data_start
000000000003e000 t __frame_dummy_init_array_entry
000000000003e000 T __init_array_start
000000000003e000 B __preinit_array_end
000000000003e000 B __preinit_array_start
000000000003e000 D __tdata_lma
000000000003e000 D __tdata_lma_end
000000000003e008 t __do_global_dtors_aux_fini_array_entry
000000000003e008 T __fini_array_start
000000000003e008 T __init_array_end
000000000003e010 T __fini_array_end
000000000003e010 T __got_start__
000000000003e010 a _GLOBAL_OFFSET_TABLE_
000000000003e290 D __got_end__
000000000003e290 0000000000000001 V __nx_applet_auto_notifyrunning
000000000003e294 0000000000000004 V __nx_applet_type
000000000003e298 0000000000000058 d defaultConsole
000000000003e2f0 0000000000000008 d currentConsole
000000000003e2f8 00000000000000e0 d dotab_stdout
000000000003e3d8 0000000000000088 d s_consoleSwRenderer
000000000003e460 0000000000000008 V __nx_exception_stack_size
000000000003e468 0000000000000004 V __nx_fsdev_direntry_cache_size
000000000003e46c 0000000000000001 V __nx_fsdev_support_cwd
000000000003e470 00000000000000e0 d fsdev_devoptab
000000000003e550 0000000000000004 V __nx_vi_stray_layer_flags
000000000003e554 0000000000000004 d g_viServiceType
000000000003e558 0000000000000004 V __nx_nv_transfermem_size
000000000003e55c 0000000000000004 V __nx_fs_num_sessions
000000000003e560 0000000000000004 d g_ctrl_fd
000000000003e564 0000000000000004 d g_nvmap_fd
000000000003e568 0000000000000008 D _impure_ptr
000000000003e570 0000000000000768 d impure_data
000000000003ecd8 0000000000000008 D _global_impure_ptr
000000000003ece0 0000000000000008 D __malloc_sbrk_base
000000000003ece8 0000000000000008 D __malloc_trim_threshold
000000000003ecf0 0000000000000810 D __malloc_av_
000000000003f500 0000000000000008 D environ
000000000003f508 00000000000001a8 D __global_locale
000000000003f6b0 0000000000000002 d numempty
000000000003f6b8 0000000000000018 D _C_numeric_locale
000000000003f6d0 0000000000000004 d defaultDevice
000000000003f6d8 0000000000000080 D devoptab_list
000000000003f758 00000000000000e0 D dotab_stdnull
000000000003f838 0000000000000400 d _current_working_directory
000000000003fc38 0000000000000010 d __stderr_handle
000000000003fc48 0000000000000010 d __stdin_handle
000000000003fc58 0000000000000010 d __stdout_handle
000000000003fc68 0000000000002000 d handles
0000000000041c68 D __bss_start__
0000000000041c68 b completed.1
0000000000041c70 b object.0
0000000000041ca0 0000000000000050 b g_controllerDown
0000000000041cf0 00000000000001e0 b g_controllerEntries
0000000000041ed0 0000000000000190 b g_controllerHeaders
0000000000042060 0000000000000050 b g_controllerHeld
00000000000420b0 0000000000000028 b g_controllerLayout
00000000000420d8 0000000000000500 b g_controllerMisc
00000000000425d8 0000000000000050 b g_controllerOld
0000000000042628 0000000000000004 b g_controllerP1AutoID
0000000000042630 0000000000000050 b g_controllerTimestamps
0000000000042680 0000000000000050 b g_controllerUp
00000000000426d0 0000000000000008 b g_hidGuard
00000000000426d8 0000000000000010 b g_hidIActiveVibrationDeviceList
00000000000426e8 0000000000000010 b g_hidIAppletResource
00000000000426f8 0000000000000020 b g_hidLock
0000000000042718 0000000000000020 b g_hidSharedmem
0000000000042738 0000000000000010 b g_hidSrv
0000000000042748 0000000000000020 b g_keyboardDown
0000000000042768 0000000000000038 b g_keyboardEntry
00000000000427a0 0000000000000020 b g_keyboardHeld
00000000000427c0 0000000000000008 b g_keyboardModDown
00000000000427c8 0000000000000008 b g_keyboardModHeld
00000000000427d0 0000000000000008 b g_keyboardModOld
00000000000427d8 0000000000000008 b g_keyboardModUp
00000000000427e0 0000000000000020 b g_keyboardOld
0000000000042800 0000000000000008 b g_keyboardTimestamp
0000000000042808 0000000000000020 b g_keyboardUp
0000000000042828 0000000000000400 b g_mouse
0000000000042c28 0000000000000008 b g_mouseDown
0000000000042c30 0000000000000008 b g_mouseEntry
0000000000042c38 0000000000000008 b g_mouseHeld
0000000000042c40 0000000000000008 b g_mouseOld
0000000000042c48 0000000000000008 b g_mouseTimestamp
0000000000042c50 0000000000000008 b g_mouseUp
0000000000042c58 0000000000000008 b g_sevenSixAxisSensorBuffer
0000000000042c60 0000000000000028 b g_sevenSixAxisSensorTmem0
0000000000042c88 0000000000000028 b g_sevenSixAxisSensorTmem1
0000000000042cb0 000000000000000a b g_sixaxisEnabled
0000000000042cc0 0000000000004650 b g_sixaxisLayouts
0000000000047310 0000000000000298 b g_touchEntry
00000000000475a8 0000000000000008 b g_touchTimestamp
00000000000475b0 0000000000000008 b g_smGuard
00000000000475b8 0000000000000180 b g_smOverrides
0000000000047738 0000000000000008 b g_smOverridesNum
0000000000047740 0000000000000010 b g_smSrv
0000000000047750 0000000000000080 V __nx_applet_AppletAttribute
00000000000477d0 0000000000000008 V __nx_applet_PerformanceConfiguration
00000000000477d8 0000000000000004 V __nx_applet_exit_mode
00000000000477dc 0000000000000001 b g_appletCopyrightInitialized
00000000000477e0 0000000000000028 b g_appletCopyrightTmem
0000000000047808 0000000000000004 b g_appletCpuBoostMode
000000000004780c 0000000000000001 b g_appletExitProcessFlag
0000000000047810 0000000000000004 b g_appletExitProcessResult
0000000000047818 0000000000000018 b g_appletFirstHook
0000000000047830 0000000000000001 b g_appletFocusState
0000000000047838 0000000000000008 b g_appletGuard
0000000000047840 0000000000000010 b g_appletIAppletCommonFunctions
0000000000047850 0000000000000010 b g_appletIApplicationCreator
0000000000047860 0000000000000010 b g_appletIAudioController
0000000000047870 0000000000000010 b g_appletICommonStateGetter
0000000000047880 0000000000000010 b g_appletIDebugFunctions
0000000000047890 0000000000000010 b g_appletIDisplayController
00000000000478a0 0000000000000010 b g_appletIFunctions
00000000000478b0 0000000000000010 b g_appletIGlobalStateController
00000000000478c0 0000000000000010 b g_appletILibraryAppletCreator
00000000000478d0 0000000000000010 b g_appletILibraryAppletSelfAccessor
00000000000478e0 0000000000000010 b g_appletIProcessWindingController
00000000000478f0 0000000000000010 b g_appletISelfController
0000000000047900 0000000000000010 b g_appletIWindowController
0000000000047910 0000000000000050 b g_appletInfo
0000000000047960 0000000000000001 b g_appletInfoInitialized
0000000000047968 0000000000000008 b g_appletInitTickBase
0000000000047970 0000000000000001 b g_appletLeftInitialized
0000000000047978 000000000000000c b g_appletLibraryAppletLaunchableEvent
0000000000047988 000000000000000c b g_appletMessageEvent
0000000000047994 0000000000000001 b g_appletNotifiedRunning
0000000000047995 0000000000000001 b g_appletOperationMode
0000000000047998 0000000000000004 b g_appletPerformanceMode
00000000000479a0 0000000000000010 b g_appletProxySession
00000000000479b0 0000000000000004 b g_appletRecordingInitialized
00000000000479b8 0000000000000028 b g_appletRecordingTmem
00000000000479e0 0000000000000008 b g_appletResourceUserId
00000000000479e8 0000000000000010 b g_appletSrv
00000000000479f8 0000000000000008 b g_appletSuspendedTick
0000000000047a00 000000000000000c b g_appletSuspendedTickEvent
0000000000047a0c 0000000000000001 b g_appletSuspendedTickInitialized
0000000000047a10 0000000000000004 b g_hosVersion
0000000000047a14 0000000000000001 b g_hasRandomSeed
0000000000047a15 0000000000000001 b g_isNso
0000000000047a18 0000000000000004 b g_lastLoadResult
0000000000047a20 0000000000000008 b g_loaderInfo
0000000000047a28 0000000000000008 b g_loaderInfoSize
0000000000047a30 0000000000000008 b g_loaderRetAddr
0000000000047a38 0000000000000004 b g_mainThreadHandle
0000000000047a40 0000000000000008 b g_nextLoadArgv
0000000000047a48 0000000000000008 b g_nextLoadPath
0000000000047a50 0000000000000008 b g_overrideArgv
0000000000047a58 0000000000000008 b g_overrideHeapAddr
0000000000047a60 0000000000000008 b g_overrideHeapSize
0000000000047a68 0000000000000004 b g_processHandle
0000000000047a70 0000000000000010 b g_randomSeed
0000000000047a80 0000000000000010 b g_syscallHints
0000000000047a90 0000000000000008 b g_userIdStorage
0000000000047a98 0000000000000058 b currentCopy
0000000000047af0 0000000000000001 b didFirstConsoleInit.0
0000000000047af4 0000000000000004 b g_Version
0000000000047af8 0000000000000001 b g_VersionCached
0000000000047afc 0000000000000004 b g_VersionMutex
0000000000047b00 0000000000000010 b g_AddressSpace
0000000000047b10 0000000000000008 b g_CurrentAddr
0000000000047b18 0000000000000030 b g_Region
0000000000047b48 0000000000000004 b g_VirtMemMutex
0000000000047b50 0000000000000008 b g_apmGuard
0000000000047b58 0000000000000010 b g_apmISession
0000000000047b68 0000000000000010 b g_apmSrv
0000000000047b78 0000000000000080 b g_defaultWin
0000000000047bf8 0000000000000050 b g_viDisplay
0000000000047c48 0000000000000010 b g_viLayer
0000000000047c58 0000000000000004 V __nx_exception_ignoredebug
0000000000047c60 0000000000000400 V __nx_exception_stack
0000000000048060 0000000000000340 B __nx_exceptiondump
00000000000483a0 0000000000000008 V __nx_heap_size
00000000000483a8 0000000000000008 B __stack_top
00000000000483b0 0000000000000008 b __bootticks
00000000000483b8 0000000000000008 b __boottime
00000000000483c0 0000000000000004 V __nx_time_type
00000000000483c4 0000000000000004 B __system_argc
00000000000483c8 0000000000000008 B __system_argv
00000000000483d0 0000000000000008 b g_argv_empty
00000000000483d8 0000000000000004 b fsdev_fsdevice_cwd
00000000000483e0 0000000000002400 b fsdev_fsdevices
000000000004a7e0 0000000000000001 b fsdev_initialised
000000000004a7e8 0000000000000038 b g_mainThread
000000000004a820 0000000000000008 b g_threadList
000000000004a828 0000000000000004 b g_threadMutex
000000000004a82c 0000000000000004 V __nx_time_service_type
000000000004a830 0000000000000008 b g_timeGuard
000000000004a838 0000000000000010 b g_timeLocalSystemClock
000000000004a848 0000000000000010 b g_timeNetworkSystemClock
000000000004a858 0000000000000020 b g_timeSharedmem
000000000004a878 0000000000000010 b g_timeSrv
000000000004a888 0000000000000010 b g_timeSteadyClock
000000000004a898 0000000000000010 b g_timeTimeZoneService
000000000004a8a8 0000000000000010 b g_timeUserSystemClock
000000000004a8b8 0000000000000008 V __nx_vi_layer_id
000000000004a8c0 0000000000000008 b g_viGuard
000000000004a8c8 0000000000000010 b g_viIApplicationDisplayService
000000000004a8d8 0000000000000010 b g_viIHOSBinderDriverIndirect
000000000004a8e8 0000000000000010 b g_viIHOSBinderDriverRelay
000000000004a8f8 0000000000000010 b g_viIManagerDisplayService
000000000004a908 0000000000000010 b g_viISystemDisplayService
000000000004a918 0000000000000008 b g_nvGuard
000000000004a920 0000000000000010 b g_nvSrv
000000000004a930 0000000000000010 b g_nvSrvClone
000000000004a940 0000000000000028 b g_nvTransfermem
000000000004a968 0000000000000008 b g_fsGuard
000000000004a970 0000000000000054 b g_fsSessionMgr
000000000004a9c8 0000000000000010 b g_fsSrv
000000000004a9d8 0000000000000008 b g_setsysGuard
000000000004a9e0 0000000000000010 b g_setsysSrv
000000000004a9f0 0000000000000008 b g_NvEventUsedMask
000000000004a9f8 0000000000000300 b g_NvEvents
000000000004acf8 0000000000000008 b g_nvFenceGuard
000000000004ad00 0000000000000008 b g_nvMapGuard
000000000004ad08 0000000000000004 B __nxlink_host
000000000004ad10 0000000000000028 B __malloc_current_mallinfo
000000000004ad38 0000000000000008 B __malloc_max_sbrked_mem
000000000004ad40 0000000000000008 B __malloc_max_total_mem
000000000004ad48 0000000000000008 B __malloc_top_pad
000000000004ad50 000000000000000c b __malloc_recursive_mutex
000000000004ad5c 0000000000000004 b alloced.0
000000000004ad60 000000000000000c B __atexit_recursive_mutex
000000000004ad70 0000000000000008 b initial_env
000000000004ad78 000000000000000c b __env_recursive_mutex
000000000004ad88 000000000000000c b __sfp_recursive_mutex
000000000004ad98 000000000000000c b __sinit_recursive_mutex
000000000004ada8 0000000000000008 b heap_start.0
000000000004adb0 0000000000000008 B fake_heap_end
000000000004adb8 0000000000000008 B fake_heap_start
000000000004adc0 0000000000000400 b temp_cwd
000000000004b1c0 0000000000000004 b __hndl_lock
000000000004b1c8 B __tls_start
000000000004b5d8 B __bss_end__
000000000004b5d8 A __end__
000000000004b5d8 B __tls_end
000000000004c000 A __argdata__
